TN:
SF:/Users/Andrew/Coding/PublicEntity/src/algorithms.js
FN:5,(anonymous_0)
FNF:1
FNH:1
FNDA:9,(anonymous_0)
DA:1,1
DA:2,1
DA:5,1
DA:8,9
DA:9,9
DA:11,9
DA:12,60237
DA:13,60237
DA:14,1198047
DA:15,1198047
DA:16,208
DA:17,208
DA:18,210
DA:19,210
DA:20,3
DA:22,207
DA:26,208
DA:27,208
DA:29,208
DA:30,9
DA:31,199
DA:32,23
DA:33,1
DA:39,9
LF:24
LH:24
BRDA:15,0,0,208
BRDA:15,0,1,1197839
BRDA:15,1,0,1198047
BRDA:15,1,1,672
BRDA:19,2,0,3
BRDA:19,2,1,207
BRDA:29,3,0,9
BRDA:29,3,1,199
BRDA:29,4,0,208
BRDA:29,4,1,107
BRDA:31,5,0,23
BRDA:31,5,1,176
BRDA:32,6,0,1
BRDA:32,6,1,22
BRF:14
BRH:14
end_of_record
TN:
SF:/Users/Andrew/Coding/PublicEntity/src/functions.js
FN:7,(anonymous_0)
FNF:1
FNH:1
FNDA:9,(anonymous_0)
DA:1,1
DA:2,1
DA:3,1
DA:7,1
DA:9,9
DA:10,9
LF:6
LH:6
BRF:0
BRH:0
end_of_record
TN:
SF:/Users/Andrew/Coding/PublicEntity/src/ticker_lists/stockList.js
FNF:0
FNH:0
DA:1,1
LF:1
LH:1
BRF:0
BRH:0
end_of_record
