TN:
SF:/Users/Andrew/Coding/PublicEntity/algorithms.js
FN:5,(anonymous_0)
FNF:1
FNH:1
FNDA:10,(anonymous_0)
DA:1,1
DA:2,1
DA:5,1
DA:8,10
DA:9,10
DA:11,10
DA:12,66930
DA:13,66930
DA:14,1204740
DA:15,1204740
DA:16,209
DA:17,209
DA:18,210
DA:19,210
DA:20,3
DA:22,207
DA:26,209
DA:27,209
DA:29,209
DA:30,10
DA:31,199
DA:32,23
DA:33,1
DA:39,10
DA:42,1
LF:25
LH:25
BRDA:15,0,0,209
BRDA:15,0,1,1204531
BRDA:15,1,0,1204740
BRDA:15,1,1,673
BRDA:19,2,0,3
BRDA:19,2,1,207
BRDA:29,3,0,10
BRDA:29,3,1,199
BRDA:29,4,0,209
BRDA:29,4,1,108
BRDA:31,5,0,23
BRDA:31,5,1,176
BRDA:32,6,0,1
BRDA:32,6,1,22
BRF:14
BRH:14
end_of_record
TN:
SF:/Users/Andrew/Coding/PublicEntity/functions.js
FN:7,(anonymous_0)
FNF:1
FNH:1
FNDA:9,(anonymous_0)
DA:1,1
DA:2,1
DA:3,1
DA:7,1
DA:9,9
DA:11,9
LF:6
LH:6
BRF:0
BRH:0
end_of_record
TN:
SF:/Users/Andrew/Coding/PublicEntity/ticker_lists/stockList.js
FNF:0
FNH:0
DA:1,1
LF:1
LH:1
BRF:0
BRH:0
end_of_record
